[90m[main 2021-11-20T16:26:41.508Z][0m update#setState idle
[90m[main 2021-11-20T16:27:11.526Z][0m update#setState checking for updates
[91m[main 2021-11-20T16:27:41.544Z][0m Error: net::ERR_TIMED_OUT
    at SimpleURLLoaderWrapper.<anonymous> (electron/js2c/browser_init.js:109:7068)
    at SimpleURLLoaderWrapper.emit (events.js:315:20)
[90m[main 2021-11-20T16:27:41.547Z][0m update#setState idle
[28277:1120/172825.160472:ERROR:gl_utils.cc(314)] [GroupMarkerNotSet(crbug.com/242999)!:B898795B22060000] GL_INVALID_ENUM: Invalid pname.
[28277:1120/172825.161125:ERROR:gl_utils.cc(314)] [GroupMarkerNotSet(crbug.com/242999)!:B898795B22060000] GL_INVALID_ENUM: Invalid pname.
[28277:1120/172825.161622:ERROR:context_group.cc(183)] ContextResult::kFatalFailure: ES3 is blocklisted/disabled/unsupported by driver.
[90m[main 2021-11-20T17:27:11.631Z][0m update#setState checking for updates
[91m[main 2021-11-20T17:27:41.640Z][0m Error: net::ERR_TIMED_OUT
    at SimpleURLLoaderWrapper.<anonymous> (electron/js2c/browser_init.js:109:7068)
    at SimpleURLLoaderWrapper.emit (events.js:315:20)
[90m[main 2021-11-20T17:27:41.641Z][0m update#setState idle
[90m[main 2021-11-20T18:27:11.731Z][0m update#setState checking for updates
[91m[main 2021-11-20T18:27:41.750Z][0m Error: net::ERR_TIMED_OUT
    at SimpleURLLoaderWrapper.<anonymous> (electron/js2c/browser_init.js:109:7068)
    at SimpleURLLoaderWrapper.emit (events.js:315:20)
[90m[main 2021-11-20T18:27:41.751Z][0m update#setState idle
[90m[main 2021-11-20T19:27:11.844Z][0m update#setState checking for updates
[91m[main 2021-11-20T19:27:41.852Z][0m Error: net::ERR_TIMED_OUT
    at SimpleURLLoaderWrapper.<anonymous> (electron/js2c/browser_init.js:109:7068)
    at SimpleURLLoaderWrapper.emit (events.js:315:20)
[90m[main 2021-11-20T19:27:41.852Z][0m update#setState idle
[90m[main 2021-11-20T20:27:11.946Z][0m update#setState checking for updates
[91m[main 2021-11-20T20:27:41.955Z][0m Error: net::ERR_TIMED_OUT
    at SimpleURLLoaderWrapper.<anonymous> (electron/js2c/browser_init.js:109:7068)
    at SimpleURLLoaderWrapper.emit (events.js:315:20)
[90m[main 2021-11-20T20:27:41.955Z][0m update#setState idle
[28277:1121/001218.817314:ERROR:gl_utils.cc(314)] [GroupMarkerNotSet(crbug.com/242999)!:B8989A5B22060000] GL_INVALID_ENUM: Invalid pname.
[28277:1121/001218.818621:ERROR:gl_utils.cc(314)] [GroupMarkerNotSet(crbug.com/242999)!:B8989A5B22060000] GL_INVALID_ENUM: Invalid pname.
[28277:1121/001218.819497:ERROR:context_group.cc(183)] ContextResult::kFatalFailure: ES3 is blocklisted/disabled/unsupported by driver.
[90m[main 2021-11-20T23:16:21.819Z][0m update#setState checking for updates
[91m[main 2021-11-20T23:16:51.826Z][0m Error: net::ERR_TIMED_OUT
    at SimpleURLLoaderWrapper.<anonymous> (electron/js2c/browser_init.js:109:7068)
    at SimpleURLLoaderWrapper.emit (events.js:315:20)
[90m[main 2021-11-20T23:16:51.827Z][0m update#setState idle
